22:28:35.995 [main                     ] DEBUG Logger               - Configured Logger
22:28:36.005 [main                     ] DEBUG GameApplication      - Logging settings
Title: Untitled
Version: 0.0
Width: 1280
Height: 720
Fullscreen: false
Intro: false
Profiling: false
Single step:false
App Mode: DEVELOPER
Menu Key: ESCAPE
Stage Style: DECORATED
Scene Factory: class com.almasb.fxgl.app.scene.SceneFactory

22:28:36.496 [JavaFX Application Thread] DEBUG FXGLApplication      - Initializing FXGL
22:28:36.502 [JavaFX Application Thread] INFO  Engine               - FXGL-21.1 (27.03.2024 07.52) on WINDOWS (J:24.0.1 FX:23.0.2)
22:28:36.502 [JavaFX Application Thread] DEBUG Engine               - JRE Vendor Name: Azul Systems, Inc.
22:28:36.503 [JavaFX Application Thread] DEBUG Engine               - Running on OS: Windows 11 version 10.0
22:28:36.503 [JavaFX Application Thread] DEBUG Engine               - Architecture: amd64
22:28:36.503 [JavaFX Application Thread] INFO  Engine               - Source code and latest versions at: https://github.com/AlmasB/FXGL
22:28:36.503 [JavaFX Application Thread] INFO  Engine               -       Ask questions and discuss at: https://github.com/AlmasB/FXGL/discussions
22:28:36.503 [JavaFX Application Thread] INFO  Engine               -              Join the FXGL chat at: https://gitter.im/AlmasB/FXGL
22:28:36.628 [JavaFX Application Thread] DEBUG PrimaryStageWindow   - Creating a JavaFX scene
22:28:36.699 [JavaFX Application Thread] DEBUG PrimaryStageWindow   - Target settings size: 1280.0 x 720.0
22:28:36.699 [JavaFX Application Thread] DEBUG PrimaryStageWindow   - Scaled scene size:    1280.0 x 720.0
22:28:36.700 [JavaFX Application Thread] DEBUG PrimaryStageWindow   - Scaled ratio: (1.0, 1.0)
22:28:36.701 [JavaFX Application Thread] DEBUG PrimaryStageWindow   - Set initial scene to FXGLStartupScene
22:28:36.707 [JavaFX Application Thread] DEBUG PrimaryStageWindow   - Opening main window
22:28:37.104 [JavaFX Application Thread] DEBUG PrimaryStageWindow   - Window border size: (16.0, 39.0)
22:28:37.104 [JavaFX Application Thread] DEBUG PrimaryStageWindow   - Scaled size: 1280.0 x 720.0
22:28:37.104 [JavaFX Application Thread] DEBUG PrimaryStageWindow   - Scaled ratio: (1.0, 1.0)
22:28:37.104 [JavaFX Application Thread] DEBUG PrimaryStageWindow   - Scene size: 1280.0 x 720.0
22:28:37.104 [JavaFX Application Thread] DEBUG PrimaryStageWindow   - Stage size: 1296.0 x 759.0
22:28:37.116 [FXGL Background Thread 1 ] DEBUG Engine               - Initializing environment variables
22:28:37.223 [FXGL Background Thread 1 ] DEBUG FXGLAssetLoaderServi - User app class for loading assets: class com.decssoft.dukeinteractive
22:28:37.224 [FXGL Background Thread 1 ] DEBUG GameApplicationServi - Applying CSS: fxgl_dark.css
22:28:37.226 [FXGL Background Thread 1 ] DEBUG FXGLAssetLoaderServi - Loading from file system: jar:file:/C:/Users/mis_p/.m2/repository/com/github/almasb/fxgl/21.1/fxgl-21.1.jar!/fxglassets/ui/css/fxgl_dark.css
22:28:37.298 [FXGL Background Thread 1 ] DEBUG GameApplicationServi - Initializing application scenes
22:28:37.350 [FXGL Background Thread 1 ] DEBUG GameWorld            - Game world initialized
22:28:37.468 [FXGL Background Thread 1 ] DEBUG PhysicsWorld         - Physics world initialized: appHeight=720, physics.ppm=50,0
22:28:37.468 [FXGL Background Thread 1 ] DEBUG PhysicsWorld         - Using strategy: BRUTE_FORCE
22:28:37.484 [FXGL Background Thread 1 ] DEBUG GameScene            - Game scene initialized: 1280x720
22:28:37.501 [FXGL Background Thread 1 ] DEBUG FXGL.DefaultMenu     - createMenuBodyGameMenu()
22:28:37.520 [FXGL Background Thread 1 ] DEBUG FXGL.DefaultMenu     - createOptionsMenu()
22:28:37.537 [FXGL Background Thread 1 ] DEBUG FXGLAssetLoaderServi - Loading from file system: jar:file:/C:/Users/mis_p/.m2/repository/com/github/almasb/fxgl/21.1/fxgl-21.1.jar!/fxglassets/textures/particles/smoke.png
22:28:37.670 [FXGL Background Thread 1 ] DEBUG FXGLAssetLoaderServi - Loading from file system: jar:file:/C:/Users/mis_p/.m2/repository/com/github/almasb/fxgl/21.1/fxgl-21.1.jar!/fxglassets/textures/particles/trace_horizontal.png
22:28:37.702 [FXGL Background Thread 1 ] DEBUG GameApplicationServi - Application scenes initialized
22:28:37.720 [FXGL Background Thread 1 ] DEBUG SystemBundleService  - Loading FXGL system data
22:28:37.727 [FXGL Background Thread 1 ] DEBUG FileSystemAccess     - Reading from: D:\NetBeansProjects\Duke Interactive\system\fxgl.bundle
22:28:37.738 [FXGL Background Thread 1 ] DEBUG SystemBundleService  - Bundle FXGL: {}
22:28:37.738 [FXGL Background Thread 1 ] DEBUG UpdaterService       - Checking for updates
22:28:37.744 [FXGL Background Thread 4 ] DEBUG FXGLApplication      - Loading fonts
22:28:37.746 [FXGL Background Thread 4 ] DEBUG FXGLAssetLoaderServi - Loading from file system: jar:file:/C:/Users/mis_p/.m2/repository/com/github/almasb/fxgl/21.1/fxgl-21.1.jar!/fxglassets/ui/fonts/VarelaRound-Regular.ttf
22:28:37.746 [FXGL Background Thread 1 ] DEBUG FXGLApplication      - Loading default localization
22:28:37.747 [FXGL Background Thread 1 ] DEBUG FXGLAssetLoaderServi - Loading from file system: jar:file:/C:/Users/mis_p/.m2/repository/com/github/almasb/fxgl/21.1/fxgl-21.1.jar!/fxglassets/languages/english.lang
22:28:37.794 [FXGL Background Thread 1 ] INFO  FXGLApplication      - FXGL initialization took: 0,678 sec
22:28:37.809 [FXGL Background Thread 4 ] DEBUG FXGLAssetLoaderServi - Loading from file system: jar:file:/C:/Users/mis_p/.m2/repository/com/github/almasb/fxgl/21.1/fxgl-21.1.jar!/fxglassets/ui/fonts/Abel-Regular.ttf
22:28:37.815 [JavaFX Application Thread] DEBUG Input                - Registered new binding: wave - A
22:28:37.816 [JavaFX Application Thread] DEBUG FXGLAssetLoaderServi - Loading from file system: jar:file:/C:/Users/mis_p/.m2/repository/com/github/almasb/fxgl/21.1/fxgl-21.1.jar!/fxglassets/textures/fxgl_icon.png
22:28:37.816 [FXGL Background Thread 4 ] DEBUG FXGLAssetLoaderServi - Loading from file system: jar:file:/C:/Users/mis_p/.m2/repository/com/github/almasb/fxgl/21.1/fxgl-21.1.jar!/fxglassets/ui/fonts/TerminalLandMono-Regular.otf
22:28:37.822 [FXGL Background Thread 4 ] DEBUG FXGLAssetLoaderServi - Loading from file system: jar:file:/C:/Users/mis_p/.m2/repository/com/github/almasb/fxgl/21.1/fxgl-21.1.jar!/fxglassets/ui/fonts/Courier-Prime.ttf
22:28:37.842 [JavaFX Application Thread] DEBUG FXGLAssetLoaderServi - Loading from file system: jar:file:/C:/Users/mis_p/.m2/repository/com/github/almasb/fxgl/21.1/fxgl-21.1.jar!/fxglassets/textures/fxgl_default_cursor.png
22:28:37.846 [JavaFX Application Thread] DEBUG Input                - Registered new binding: Screenshot - CTRL+8
22:28:37.847 [JavaFX Application Thread] DEBUG Input                - Registered new binding: System info dump - CTRL+9
22:28:37.847 [JavaFX Application Thread] DEBUG Input                - Registered new binding: Restart - CTRL+R
22:28:37.849 [JavaFX Application Thread] DEBUG Input                - Registered new binding: Toggle Debug Camera - CTRL+7
22:28:37.854 [JavaFX Application Thread] DEBUG LoopRunner           - Starting loop
22:28:37.855 [JavaFX Application Thread] DEBUG LoopRunner           - Initializing JavaFX AnimationTimerLoop
22:28:37.858 [JavaFX Application Thread] DEBUG GameApplicationServi - Starting new game
22:28:37.859 [JavaFX Application Thread] DEBUG Input                - Clearing active input actions
22:28:37.877 [JavaFX Application Thread] DEBUG GameApplicationServi - Removing overlay from FXGLStartupScene and adding to FXGLLoadingScene
22:28:37.877 [JavaFX Application Thread] DEBUG PrimaryStageWindow   - FXGLStartupScene -> FXGLLoadingScene
22:28:37.878 [JavaFX Application Thread] DEBUG GameApplicationServi - Clearing previous game
22:28:37.878 [JavaFX Application Thread] DEBUG GameScene            - Clearing game scene
22:28:37.878 [JavaFX Application Thread] DEBUG GameWorld            - Clearing game world
22:28:37.878 [JavaFX Application Thread] DEBUG PhysicsWorld         - Clearing physics world
22:28:37.881 [JavaFX Application Thread] DEBUG FXGLApplication      - Registering font factories with UI factory
22:28:37.910 [FXGL Background Thread 4 ] DEBUG FXGLAssetLoaderServi - Loading from file system: file:/D:/NetBeansProjects/Duke%20Interactive/target/classes/assets/models/duke.obj
22:28:38.408 [FXGL Background Thread 4 ] WARN  GameWorld            - Entity is already attached to world
22:28:38.409 [FXGL Background Thread 4 ] INFO  FXGLApplication      - Game initialization took: 0,528 sec
22:28:38.413 [JavaFX Application Thread] DEBUG Input                - Clearing active input actions
22:28:38.427 [JavaFX Application Thread] DEBUG GameApplicationServi - Removing overlay from FXGLLoadingScene and adding to GameScene
22:28:38.428 [JavaFX Application Thread] DEBUG PrimaryStageWindow   - FXGLLoadingScene -> GameScene
22:28:40.744 [FXGL Background Thread 3 ] DEBUG Engine               - Logging environment variables
22:28:40.745 [FXGL Background Thread 3 ] DEBUG Engine               - achievements: []
22:28:40.745 [FXGL Background Thread 3 ] DEBUG Engine               - actualHeight: 720.0
22:28:40.745 [FXGL Background Thread 3 ] DEBUG Engine               - actualHeightProperty: ReadOnlyDoubleProperty [value: 720.0]
22:28:40.746 [FXGL Background Thread 3 ] DEBUG Engine               - actualWidth: 1280.0
22:28:40.746 [FXGL Background Thread 3 ] DEBUG Engine               - actualWidthProperty: ReadOnlyDoubleProperty [value: 1280.0]
22:28:40.746 [FXGL Background Thread 3 ] DEBUG Engine               - appIcon: fxgl_icon.png
22:28:40.746 [FXGL Background Thread 3 ] DEBUG Engine               - applicationMode: DEVELOPER
22:28:40.746 [FXGL Background Thread 3 ] DEBUG Engine               - cSSList: [fxgl_dark.css]
22:28:40.746 [FXGL Background Thread 3 ] DEBUG Engine               - collisionDetectionStrategy: BRUTE_FORCE
22:28:40.746 [FXGL Background Thread 3 ] DEBUG Engine               - configClass: Optional.empty
22:28:40.747 [FXGL Background Thread 3 ] DEBUG Engine               - credits: []
22:28:40.747 [FXGL Background Thread 3 ] DEBUG Engine               - defaultCursor: CursorInfo(imageName=fxgl_default_cursor.png, hotspotX=7.0, hotspotY=6.0)
22:28:40.748 [FXGL Background Thread 3 ] DEBUG Engine               - devBBoxColorProperty: ObjectProperty [value: 0xff0000ff]
22:28:40.748 [FXGL Background Thread 3 ] DEBUG Engine               - devEnableDebugCameraProperty: BooleanProperty [value: false]
22:28:40.748 [FXGL Background Thread 3 ] DEBUG Engine               - devSensorColorProperty: ObjectProperty [value: 0xffff00ff]
22:28:40.748 [FXGL Background Thread 3 ] DEBUG Engine               - devShowBBoxProperty: BooleanProperty [value: false]
22:28:40.748 [FXGL Background Thread 3 ] DEBUG Engine               - devShowPositionProperty: BooleanProperty [value: false]
22:28:40.749 [FXGL Background Thread 3 ] DEBUG Engine               - enabledMenuItems: []
22:28:40.749 [FXGL Background Thread 3 ] DEBUG Engine               - engineServices: [class com.almasb.fxgl.app.services.FXGLAssetLoaderService, class com.almasb.fxgl.app.FXGLApplication$GameApplicationService, class com.almasb.fxgl.app.services.FXGLDialogService, class com.almasb.fxgl.app.services.IOTaskExecutorService, class com.almasb.fxgl.io.FileSystemService, class com.almasb.fxgl.localization.LocalizationService, class com.almasb.fxgl.app.services.SystemBundleService, class com.almasb.fxgl.profile.SaveLoadService, class com.almasb.fxgl.ui.FXGLUIFactoryServiceProvider, class com.almasb.fxgl.ui.FXGLDialogFactoryServiceProvider, class com.almasb.fxgl.audio.AudioPlayer, class com.almasb.fxgl.notification.impl.NotificationServiceProvider, class com.almasb.fxgl.achievement.AchievementService, class com.almasb.fxgl.cutscene.CutsceneService, class com.almasb.fxgl.minigames.MiniGameService, class com.almasb.fxgl.net.NetService, class com.almasb.fxgl.app.services.UpdaterService, class com.almasb.fxgl.dev.DevService]
22:28:40.749 [FXGL Background Thread 3 ] DEBUG Engine               - fontGame: Abel-Regular.ttf
22:28:40.749 [FXGL Background Thread 3 ] DEBUG Engine               - fontMono: TerminalLandMono-Regular.otf
22:28:40.749 [FXGL Background Thread 3 ] DEBUG Engine               - fontSizeScaleUI: 1.0
22:28:40.749 [FXGL Background Thread 3 ] DEBUG Engine               - fontText: Courier-Prime.ttf
22:28:40.749 [FXGL Background Thread 3 ] DEBUG Engine               - fontUI: VarelaRound-Regular.ttf
22:28:40.749 [FXGL Background Thread 3 ] DEBUG Engine               - fullScreen: BooleanProperty [value: false]
22:28:40.750 [FXGL Background Thread 3 ] DEBUG Engine               - gameDifficulty: MEDIUM
22:28:40.750 [FXGL Background Thread 3 ] DEBUG Engine               - gameDifficultyProperty: ObjectProperty [value: MEDIUM]
22:28:40.750 [FXGL Background Thread 3 ] DEBUG Engine               - globalMusicVolume: 0.5
22:28:40.750 [FXGL Background Thread 3 ] DEBUG Engine               - globalMusicVolumeProperty: DoubleProperty [value: 0.5]
22:28:40.750 [FXGL Background Thread 3 ] DEBUG Engine               - globalSoundVolume: 0.5
22:28:40.750 [FXGL Background Thread 3 ] DEBUG Engine               - globalSoundVolumeProperty: DoubleProperty [value: 0.5]
22:28:40.751 [FXGL Background Thread 3 ] DEBUG Engine               - height: 720
22:28:40.751 [FXGL Background Thread 3 ] DEBUG Engine               - is3D: true
22:28:40.751 [FXGL Background Thread 3 ] DEBUG Engine               - isAndroid: false
22:28:40.751 [FXGL Background Thread 3 ] DEBUG Engine               - isBrowser: false
22:28:40.751 [FXGL Background Thread 3 ] DEBUG Engine               - isClickFeedbackEnabled: false
22:28:40.751 [FXGL Background Thread 3 ] DEBUG Engine               - isCloseConfirmation: false
22:28:40.751 [FXGL Background Thread 3 ] DEBUG Engine               - isDesktop: true
22:28:40.751 [FXGL Background Thread 3 ] DEBUG Engine               - isDeveloperMenuEnabled: false
22:28:40.751 [FXGL Background Thread 3 ] DEBUG Engine               - isEmbedded: false
22:28:40.751 [FXGL Background Thread 3 ] DEBUG Engine               - isEntityPreloadEnabled: true
22:28:40.751 [FXGL Background Thread 3 ] DEBUG Engine               - isExperimentalTiledLargeMap: false
22:28:40.751 [FXGL Background Thread 3 ] DEBUG Engine               - isFileSystemWriteAllowed: true
22:28:40.751 [FXGL Background Thread 3 ] DEBUG Engine               - isFullScreenAllowed: false
22:28:40.751 [FXGL Background Thread 3 ] DEBUG Engine               - isFullScreenFromStart: false
22:28:40.752 [FXGL Background Thread 3 ] DEBUG Engine               - isGameMenuEnabled: true
22:28:40.752 [FXGL Background Thread 3 ] DEBUG Engine               - isIOS: false
22:28:40.752 [FXGL Background Thread 3 ] DEBUG Engine               - isIntroEnabled: false
22:28:40.752 [FXGL Background Thread 3 ] DEBUG Engine               - isLinux: false
22:28:40.752 [FXGL Background Thread 3 ] DEBUG Engine               - isMac: false
22:28:40.752 [FXGL Background Thread 3 ] DEBUG Engine               - isMainMenuEnabled: false
22:28:40.752 [FXGL Background Thread 3 ] DEBUG Engine               - isManualResizeEnabled: false
22:28:40.753 [FXGL Background Thread 3 ] DEBUG Engine               - isMobile: false
22:28:40.753 [FXGL Background Thread 3 ] DEBUG Engine               - isNative: false
22:28:40.753 [FXGL Background Thread 3 ] DEBUG Engine               - isPauseMusicWhenMinimized: true
22:28:40.753 [FXGL Background Thread 3 ] DEBUG Engine               - isPreserveResizeRatio: false
22:28:40.753 [FXGL Background Thread 3 ] DEBUG Engine               - isProfilingEnabled: false
22:28:40.753 [FXGL Background Thread 3 ] DEBUG Engine               - isScaleAffectedOnResize: true
22:28:40.753 [FXGL Background Thread 3 ] DEBUG Engine               - isSingleStep: false
22:28:40.753 [FXGL Background Thread 3 ] DEBUG Engine               - isUserProfileEnabled: false
22:28:40.754 [FXGL Background Thread 3 ] DEBUG Engine               - isWindows: true
22:28:40.754 [FXGL Background Thread 3 ] DEBUG Engine               - language: ObjectProperty [value: ENGLISH]
22:28:40.754 [FXGL Background Thread 3 ] DEBUG Engine               - menuKey: ESCAPE
22:28:40.754 [FXGL Background Thread 3 ] DEBUG Engine               - mouseSensitivity: 0.2
22:28:40.754 [FXGL Background Thread 3 ] DEBUG Engine               - notificationViewClass: class com.almasb.fxgl.notification.view.XboxNotificationView
22:28:40.754 [FXGL Background Thread 3 ] DEBUG Engine               - pixelsPerMeter: 50.0
22:28:40.754 [FXGL Background Thread 3 ] DEBUG Engine               - platform: WINDOWS
22:28:40.754 [FXGL Background Thread 3 ] DEBUG Engine               - prefHeightProperty: ReadOnlyDoubleProperty [value: 720.0]
22:28:40.755 [FXGL Background Thread 3 ] DEBUG Engine               - prefWidthProperty: ReadOnlyDoubleProperty [value: 1280.0]
22:28:40.755 [FXGL Background Thread 3 ] DEBUG Engine               - profileDir: profiles/
22:28:40.755 [FXGL Background Thread 3 ] DEBUG Engine               - profileName: StringProperty [value: DEFAULT]
22:28:40.755 [FXGL Background Thread 3 ] DEBUG Engine               - randomSeed: -1
22:28:40.755 [FXGL Background Thread 3 ] DEBUG Engine               - runtimeInfo: RuntimeInfo(platform=WINDOWS, version=21.1, build=27.03.2024 07.52)
22:28:40.755 [FXGL Background Thread 3 ] DEBUG Engine               - saveFileExt: sav
22:28:40.756 [FXGL Background Thread 3 ] DEBUG Engine               - scaledHeightProp$fxgl: DoubleProperty [bound, value: 720.0]
22:28:40.756 [FXGL Background Thread 3 ] DEBUG Engine               - scaledWidthProp$fxgl: DoubleProperty [bound, value: 1280.0]
22:28:40.756 [FXGL Background Thread 3 ] DEBUG Engine               - sceneFactory: com.almasb.fxgl.app.scene.SceneFactory@20e848c5
22:28:40.756 [FXGL Background Thread 3 ] DEBUG Engine               - secondsIn24h: 60
22:28:40.756 [FXGL Background Thread 3 ] DEBUG Engine               - soundMenuBack: menu/back.wav
22:28:40.756 [FXGL Background Thread 3 ] DEBUG Engine               - soundMenuPress: menu/press.wav
22:28:40.756 [FXGL Background Thread 3 ] DEBUG Engine               - soundMenuSelect: menu/select.wav
22:28:40.756 [FXGL Background Thread 3 ] DEBUG Engine               - soundNotification: core/notification.wav
22:28:40.756 [FXGL Background Thread 3 ] DEBUG Engine               - stageStyle: DECORATED
22:28:40.756 [FXGL Background Thread 3 ] DEBUG Engine               - supportedLanguages: [ENGLISH, FRENCH, GERMAN, HUNGARIAN, RUSSIAN]
22:28:40.757 [FXGL Background Thread 3 ] DEBUG Engine               - ticksPerSecond: -1
22:28:40.757 [FXGL Background Thread 3 ] DEBUG Engine               - title: Untitled
22:28:40.757 [FXGL Background Thread 3 ] DEBUG Engine               - urlGithub: https://github.com/AlmasB/FXGL
22:28:40.757 [FXGL Background Thread 3 ] DEBUG Engine               - urlLeaderboard: http://fxgl-top.herokuapp.com/
22:28:40.757 [FXGL Background Thread 3 ] DEBUG Engine               - urlPOM: https://raw.githubusercontent.com/AlmasB/FXGL/release/README.md
22:28:40.757 [FXGL Background Thread 3 ] DEBUG Engine               - userAppClass: class com.decssoft.dukeinteractive
22:28:40.757 [FXGL Background Thread 3 ] DEBUG Engine               - version: 0.0
22:28:40.757 [FXGL Background Thread 3 ] DEBUG Engine               - versionCheckDays: 7
22:28:40.757 [FXGL Background Thread 3 ] DEBUG Engine               - width: 1280
22:28:40.757 [FXGL Background Thread 3 ] DEBUG Engine               - Logging services
22:28:40.757 [FXGL Background Thread 3 ] DEBUG Engine               - class com.almasb.fxgl.app.services.FXGLAssetLoaderService
22:28:40.757 [FXGL Background Thread 3 ] DEBUG Engine               - class com.almasb.fxgl.app.FXGLApplication$GameApplicationService
22:28:40.757 [FXGL Background Thread 3 ] DEBUG Engine               - class com.almasb.fxgl.app.services.FXGLDialogService
22:28:40.757 [FXGL Background Thread 3 ] DEBUG Engine               - class com.almasb.fxgl.app.services.IOTaskExecutorService
22:28:40.757 [FXGL Background Thread 3 ] DEBUG Engine               - class com.almasb.fxgl.io.FileSystemService
22:28:40.757 [FXGL Background Thread 3 ] DEBUG Engine               - class com.almasb.fxgl.localization.LocalizationService
22:28:40.757 [FXGL Background Thread 3 ] DEBUG Engine               - class com.almasb.fxgl.app.services.SystemBundleService
22:28:40.758 [FXGL Background Thread 3 ] DEBUG Engine               - class com.almasb.fxgl.profile.SaveLoadService
22:28:40.758 [FXGL Background Thread 3 ] DEBUG Engine               - class com.almasb.fxgl.ui.FXGLUIFactoryServiceProvider
22:28:40.758 [FXGL Background Thread 3 ] DEBUG Engine               - class com.almasb.fxgl.ui.FXGLDialogFactoryServiceProvider
22:28:40.758 [FXGL Background Thread 3 ] DEBUG Engine               - class com.almasb.fxgl.audio.AudioPlayer
22:28:40.758 [FXGL Background Thread 3 ] DEBUG Engine               - class com.almasb.fxgl.notification.impl.NotificationServiceProvider
22:28:40.758 [FXGL Background Thread 3 ] DEBUG Engine               - class com.almasb.fxgl.achievement.AchievementService
22:28:40.758 [FXGL Background Thread 3 ] DEBUG Engine               - class com.almasb.fxgl.cutscene.CutsceneService
22:28:40.758 [FXGL Background Thread 3 ] DEBUG Engine               - class com.almasb.fxgl.minigames.MiniGameService
22:28:40.758 [FXGL Background Thread 3 ] DEBUG Engine               - class com.almasb.fxgl.net.NetService
22:28:40.758 [FXGL Background Thread 3 ] DEBUG Engine               - class com.almasb.fxgl.app.services.UpdaterService
22:28:40.758 [FXGL Background Thread 3 ] DEBUG Engine               - class com.almasb.fxgl.dev.DevService
22:28:48.234 [JavaFX Application Thread] DEBUG FXGLAssetLoaderServi - Loading from file system: file:/D:/NetBeansProjects/Duke%20Interactive/target/classes/assets/models/dukewave1.obj
22:28:48.348 [JavaFX Application Thread] DEBUG FXGLAssetLoaderServi - Loading from file system: file:/D:/NetBeansProjects/Duke%20Interactive/target/classes/assets/models/dukewave2.obj
22:30:31.942 [JavaFX Application Thread] DEBUG PrimaryStageWindow   - Push state: FXGLDefaultMenu
22:30:31.947 [JavaFX Application Thread] DEBUG Input                - Clearing active input actions
22:30:31.954 [JavaFX Application Thread] DEBUG GameApplicationServi - Removing overlay from GameScene and adding to FXGLDefaultMenu
22:30:31.954 [JavaFX Application Thread] DEBUG PrimaryStageWindow   - GameScene -> FXGLDefaultMenu
22:30:33.432 [JavaFX Application Thread] DEBUG Menu                 - fireExit()
22:30:33.437 [JavaFX Application Thread] DEBUG PrimaryStageWindow   - Push state: DialogSubScene
22:30:33.437 [JavaFX Application Thread] DEBUG Input                - Clearing active input actions
22:30:33.437 [JavaFX Application Thread] DEBUG GameApplicationServi - Removing overlay from FXGLDefaultMenu and adding to DialogSubScene
22:30:33.438 [JavaFX Application Thread] DEBUG PrimaryStageWindow   - FXGLDefaultMenu -> DialogSubScene
22:30:34.605 [JavaFX Application Thread] DEBUG PrimaryStageWindow   - Pop state: DialogSubScene
22:30:34.605 [JavaFX Application Thread] DEBUG Input                - Clearing active input actions
22:30:34.607 [JavaFX Application Thread] DEBUG GameApplicationServi - Removing overlay from DialogSubScene and adding to FXGLDefaultMenu
22:30:34.607 [JavaFX Application Thread] DEBUG PrimaryStageWindow   - FXGLDefaultMenu <- DialogSubScene
22:30:34.608 [JavaFX Application Thread] DEBUG FXGLApplication      - Exiting FXGL
22:30:34.608 [JavaFX Application Thread] DEBUG LoopRunner           - Stopping loop
22:30:34.608 [JavaFX Application Thread] DEBUG SystemBundleService  - Saving FXGL system data
22:30:34.611 [JavaFX Application Thread] DEBUG FileSystemAccess     - Writing to: D:\NetBeansProjects\Duke Interactive\system\fxgl.bundle
22:30:34.614 [JavaFX Application Thread] DEBUG Async                - Shutting down background threads
22:30:34.614 [JavaFX Application Thread] DEBUG PrimaryStageWindow   - Closing main window
22:30:34.644 [JavaFX Application Thread] DEBUG Logger               - Closing Logger
