22:33:17.737 [main                     ] DEBUG Logger               - Configured Logger
22:33:17.749 [main                     ] DEBUG GameApplication      - Logging settings
Title: Untitled
Version: 0.0
Width: 1280
Height: 720
Fullscreen: false
Intro: false
Profiling: false
Single step:false
App Mode: DEVELOPER
Menu Key: ESCAPE
Stage Style: DECORATED
Scene Factory: class com.almasb.fxgl.app.scene.SceneFactory

22:33:18.240 [JavaFX Application Thread] DEBUG FXGLApplication      - Initializing FXGL
22:33:18.245 [JavaFX Application Thread] INFO  Engine               - FXGL-21.1 (27.03.2024 07.52) on WINDOWS (J:24.0.1 FX:23.0.2)
22:33:18.246 [JavaFX Application Thread] DEBUG Engine               - JRE Vendor Name: Azul Systems, Inc.
22:33:18.246 [JavaFX Application Thread] DEBUG Engine               - Running on OS: Windows 11 version 10.0
22:33:18.246 [JavaFX Application Thread] DEBUG Engine               - Architecture: amd64
22:33:18.246 [JavaFX Application Thread] INFO  Engine               - Source code and latest versions at: https://github.com/AlmasB/FXGL
22:33:18.247 [JavaFX Application Thread] INFO  Engine               -       Ask questions and discuss at: https://github.com/AlmasB/FXGL/discussions
22:33:18.247 [JavaFX Application Thread] INFO  Engine               -              Join the FXGL chat at: https://gitter.im/AlmasB/FXGL
22:33:18.385 [JavaFX Application Thread] DEBUG PrimaryStageWindow   - Creating a JavaFX scene
22:33:18.461 [JavaFX Application Thread] DEBUG PrimaryStageWindow   - Target settings size: 1280.0 x 720.0
22:33:18.461 [JavaFX Application Thread] DEBUG PrimaryStageWindow   - Scaled scene size:    1280.0 x 720.0
22:33:18.462 [JavaFX Application Thread] DEBUG PrimaryStageWindow   - Scaled ratio: (1.0, 1.0)
22:33:18.464 [JavaFX Application Thread] DEBUG PrimaryStageWindow   - Set initial scene to FXGLStartupScene
22:33:18.472 [JavaFX Application Thread] DEBUG PrimaryStageWindow   - Opening main window
22:33:18.857 [JavaFX Application Thread] DEBUG PrimaryStageWindow   - Window border size: (16.0, 39.0)
22:33:18.857 [JavaFX Application Thread] DEBUG PrimaryStageWindow   - Scaled size: 1280.0 x 720.0
22:33:18.857 [JavaFX Application Thread] DEBUG PrimaryStageWindow   - Scaled ratio: (1.0, 1.0)
22:33:18.857 [JavaFX Application Thread] DEBUG PrimaryStageWindow   - Scene size: 1280.0 x 720.0
22:33:18.858 [JavaFX Application Thread] DEBUG PrimaryStageWindow   - Stage size: 1296.0 x 759.0
22:33:18.868 [FXGL Background Thread 1 ] DEBUG Engine               - Initializing environment variables
22:33:18.972 [FXGL Background Thread 1 ] DEBUG FXGLAssetLoaderServi - User app class for loading assets: class com.decssoft.dukeinteractive
22:33:18.972 [FXGL Background Thread 1 ] DEBUG GameApplicationServi - Applying CSS: fxgl_dark.css
22:33:18.974 [FXGL Background Thread 1 ] DEBUG FXGLAssetLoaderServi - Loading from file system: jar:file:/C:/Users/mis_p/.m2/repository/com/github/almasb/fxgl/21.1/fxgl-21.1.jar!/fxglassets/ui/css/fxgl_dark.css
22:33:19.045 [FXGL Background Thread 1 ] DEBUG GameApplicationServi - Initializing application scenes
22:33:19.103 [FXGL Background Thread 1 ] DEBUG GameWorld            - Game world initialized
22:33:19.210 [FXGL Background Thread 1 ] DEBUG PhysicsWorld         - Physics world initialized: appHeight=720, physics.ppm=50,0
22:33:19.210 [FXGL Background Thread 1 ] DEBUG PhysicsWorld         - Using strategy: BRUTE_FORCE
22:33:19.224 [FXGL Background Thread 1 ] DEBUG GameScene            - Game scene initialized: 1280x720
22:33:19.243 [FXGL Background Thread 1 ] DEBUG FXGL.DefaultMenu     - createMenuBodyGameMenu()
22:33:19.260 [FXGL Background Thread 1 ] DEBUG FXGL.DefaultMenu     - createOptionsMenu()
22:33:19.275 [FXGL Background Thread 1 ] DEBUG FXGLAssetLoaderServi - Loading from file system: jar:file:/C:/Users/mis_p/.m2/repository/com/github/almasb/fxgl/21.1/fxgl-21.1.jar!/fxglassets/textures/particles/smoke.png
22:33:19.414 [FXGL Background Thread 1 ] DEBUG FXGLAssetLoaderServi - Loading from file system: jar:file:/C:/Users/mis_p/.m2/repository/com/github/almasb/fxgl/21.1/fxgl-21.1.jar!/fxglassets/textures/particles/trace_horizontal.png
22:33:19.453 [FXGL Background Thread 1 ] DEBUG GameApplicationServi - Application scenes initialized
22:33:19.472 [FXGL Background Thread 1 ] DEBUG SystemBundleService  - Loading FXGL system data
22:33:19.480 [FXGL Background Thread 1 ] DEBUG FileSystemAccess     - Reading from: D:\NetBeansProjects\Duke Interactive\system\fxgl.bundle
22:33:19.491 [FXGL Background Thread 1 ] DEBUG SystemBundleService  - Bundle FXGL: {}
22:33:19.491 [FXGL Background Thread 1 ] DEBUG UpdaterService       - Checking for updates
22:33:19.500 [FXGL Background Thread 4 ] DEBUG FXGLApplication      - Loading fonts
22:33:19.501 [FXGL Background Thread 4 ] DEBUG FXGLAssetLoaderServi - Loading from file system: jar:file:/C:/Users/mis_p/.m2/repository/com/github/almasb/fxgl/21.1/fxgl-21.1.jar!/fxglassets/ui/fonts/VarelaRound-Regular.ttf
22:33:19.501 [FXGL Background Thread 1 ] DEBUG FXGLApplication      - Loading default localization
22:33:19.503 [FXGL Background Thread 1 ] DEBUG FXGLAssetLoaderServi - Loading from file system: jar:file:/C:/Users/mis_p/.m2/repository/com/github/almasb/fxgl/21.1/fxgl-21.1.jar!/fxglassets/languages/english.lang
22:33:19.542 [FXGL Background Thread 1 ] INFO  FXGLApplication      - FXGL initialization took: 0,674 sec
22:33:19.561 [FXGL Background Thread 4 ] DEBUG FXGLAssetLoaderServi - Loading from file system: jar:file:/C:/Users/mis_p/.m2/repository/com/github/almasb/fxgl/21.1/fxgl-21.1.jar!/fxglassets/ui/fonts/Abel-Regular.ttf
22:33:19.561 [JavaFX Application Thread] DEBUG Input                - Registered new binding: wave - A
22:33:19.562 [JavaFX Application Thread] DEBUG FXGLAssetLoaderServi - Loading from file system: jar:file:/C:/Users/mis_p/.m2/repository/com/github/almasb/fxgl/21.1/fxgl-21.1.jar!/fxglassets/textures/fxgl_icon.png
22:33:19.567 [FXGL Background Thread 4 ] DEBUG FXGLAssetLoaderServi - Loading from file system: jar:file:/C:/Users/mis_p/.m2/repository/com/github/almasb/fxgl/21.1/fxgl-21.1.jar!/fxglassets/ui/fonts/TerminalLandMono-Regular.otf
22:33:19.572 [FXGL Background Thread 4 ] DEBUG FXGLAssetLoaderServi - Loading from file system: jar:file:/C:/Users/mis_p/.m2/repository/com/github/almasb/fxgl/21.1/fxgl-21.1.jar!/fxglassets/ui/fonts/Courier-Prime.ttf
22:33:19.592 [JavaFX Application Thread] DEBUG FXGLAssetLoaderServi - Loading from file system: jar:file:/C:/Users/mis_p/.m2/repository/com/github/almasb/fxgl/21.1/fxgl-21.1.jar!/fxglassets/textures/fxgl_default_cursor.png
22:33:19.597 [JavaFX Application Thread] DEBUG Input                - Registered new binding: Screenshot - CTRL+8
22:33:19.597 [JavaFX Application Thread] DEBUG Input                - Registered new binding: System info dump - CTRL+9
22:33:19.598 [JavaFX Application Thread] DEBUG Input                - Registered new binding: Restart - CTRL+R
22:33:19.599 [JavaFX Application Thread] DEBUG Input                - Registered new binding: Toggle Debug Camera - CTRL+7
22:33:19.605 [JavaFX Application Thread] DEBUG LoopRunner           - Starting loop
22:33:19.605 [JavaFX Application Thread] DEBUG LoopRunner           - Initializing JavaFX AnimationTimerLoop
22:33:19.612 [JavaFX Application Thread] DEBUG GameApplicationServi - Starting new game
22:33:19.613 [JavaFX Application Thread] DEBUG Input                - Clearing active input actions
22:33:19.630 [JavaFX Application Thread] DEBUG GameApplicationServi - Removing overlay from FXGLStartupScene and adding to FXGLLoadingScene
22:33:19.631 [JavaFX Application Thread] DEBUG PrimaryStageWindow   - FXGLStartupScene -> FXGLLoadingScene
22:33:19.631 [JavaFX Application Thread] DEBUG GameApplicationServi - Clearing previous game
22:33:19.631 [JavaFX Application Thread] DEBUG GameScene            - Clearing game scene
22:33:19.631 [JavaFX Application Thread] DEBUG GameWorld            - Clearing game world
22:33:19.631 [JavaFX Application Thread] DEBUG PhysicsWorld         - Clearing physics world
22:33:19.635 [JavaFX Application Thread] DEBUG FXGLApplication      - Registering font factories with UI factory
22:33:19.635 [FXGL Background Thread 4 ] DEBUG FXGLApplication      - Initializing game
22:33:19.667 [FXGL Background Thread 4 ] DEBUG FXGLAssetLoaderServi - Loading from file system: file:/D:/NetBeansProjects/Duke%20Interactive/target/classes/assets/models/duke.obj
22:33:20.173 [FXGL Background Thread 4 ] WARN  GameWorld            - Entity is already attached to world
22:33:20.174 [FXGL Background Thread 4 ] INFO  FXGLApplication      - Game initialization took: 0,539 sec
22:33:20.184 [JavaFX Application Thread] DEBUG Input                - Clearing active input actions
22:33:20.197 [JavaFX Application Thread] DEBUG GameApplicationServi - Removing overlay from FXGLLoadingScene and adding to GameScene
22:33:20.198 [JavaFX Application Thread] DEBUG PrimaryStageWindow   - FXGLLoadingScene -> GameScene
22:33:22.498 [FXGL Background Thread 3 ] DEBUG Engine               - Logging environment variables
22:33:22.499 [FXGL Background Thread 3 ] DEBUG Engine               - achievements: []
22:33:22.499 [FXGL Background Thread 3 ] DEBUG Engine               - actualHeight: 720.0
22:33:22.499 [FXGL Background Thread 3 ] DEBUG Engine               - actualHeightProperty: ReadOnlyDoubleProperty [value: 720.0]
22:33:22.499 [FXGL Background Thread 3 ] DEBUG Engine               - actualWidth: 1280.0
22:33:22.499 [FXGL Background Thread 3 ] DEBUG Engine               - actualWidthProperty: ReadOnlyDoubleProperty [value: 1280.0]
22:33:22.499 [FXGL Background Thread 3 ] DEBUG Engine               - appIcon: fxgl_icon.png
22:33:22.499 [FXGL Background Thread 3 ] DEBUG Engine               - applicationMode: DEVELOPER
22:33:22.499 [FXGL Background Thread 3 ] DEBUG Engine               - cSSList: [fxgl_dark.css]
22:33:22.499 [FXGL Background Thread 3 ] DEBUG Engine               - collisionDetectionStrategy: BRUTE_FORCE
22:33:22.499 [FXGL Background Thread 3 ] DEBUG Engine               - configClass: Optional.empty
22:33:22.500 [FXGL Background Thread 3 ] DEBUG Engine               - credits: []
22:33:22.500 [FXGL Background Thread 3 ] DEBUG Engine               - defaultCursor: CursorInfo(imageName=fxgl_default_cursor.png, hotspotX=7.0, hotspotY=6.0)
22:33:22.500 [FXGL Background Thread 3 ] DEBUG Engine               - devBBoxColorProperty: ObjectProperty [value: 0xff0000ff]
22:33:22.500 [FXGL Background Thread 3 ] DEBUG Engine               - devEnableDebugCameraProperty: BooleanProperty [value: false]
22:33:22.501 [FXGL Background Thread 3 ] DEBUG Engine               - devSensorColorProperty: ObjectProperty [value: 0xffff00ff]
22:33:22.501 [FXGL Background Thread 3 ] DEBUG Engine               - devShowBBoxProperty: BooleanProperty [value: false]
22:33:22.501 [FXGL Background Thread 3 ] DEBUG Engine               - devShowPositionProperty: BooleanProperty [value: false]
22:33:22.501 [FXGL Background Thread 3 ] DEBUG Engine               - enabledMenuItems: []
22:33:22.501 [FXGL Background Thread 3 ] DEBUG Engine               - engineServices: [class com.almasb.fxgl.app.services.FXGLAssetLoaderService, class com.almasb.fxgl.app.FXGLApplication$GameApplicationService, class com.almasb.fxgl.app.services.FXGLDialogService, class com.almasb.fxgl.app.services.IOTaskExecutorService, class com.almasb.fxgl.io.FileSystemService, class com.almasb.fxgl.localization.LocalizationService, class com.almasb.fxgl.app.services.SystemBundleService, class com.almasb.fxgl.profile.SaveLoadService, class com.almasb.fxgl.ui.FXGLUIFactoryServiceProvider, class com.almasb.fxgl.ui.FXGLDialogFactoryServiceProvider, class com.almasb.fxgl.audio.AudioPlayer, class com.almasb.fxgl.notification.impl.NotificationServiceProvider, class com.almasb.fxgl.achievement.AchievementService, class com.almasb.fxgl.cutscene.CutsceneService, class com.almasb.fxgl.minigames.MiniGameService, class com.almasb.fxgl.net.NetService, class com.almasb.fxgl.app.services.UpdaterService, class com.almasb.fxgl.dev.DevService]
22:33:22.501 [FXGL Background Thread 3 ] DEBUG Engine               - fontGame: Abel-Regular.ttf
22:33:22.501 [FXGL Background Thread 3 ] DEBUG Engine               - fontMono: TerminalLandMono-Regular.otf
22:33:22.501 [FXGL Background Thread 3 ] DEBUG Engine               - fontSizeScaleUI: 1.0
22:33:22.501 [FXGL Background Thread 3 ] DEBUG Engine               - fontText: Courier-Prime.ttf
22:33:22.502 [FXGL Background Thread 3 ] DEBUG Engine               - fontUI: VarelaRound-Regular.ttf
22:33:22.502 [FXGL Background Thread 3 ] DEBUG Engine               - fullScreen: BooleanProperty [value: false]
22:33:22.502 [FXGL Background Thread 3 ] DEBUG Engine               - gameDifficulty: MEDIUM
22:33:22.502 [FXGL Background Thread 3 ] DEBUG Engine               - gameDifficultyProperty: ObjectProperty [value: MEDIUM]
22:33:22.502 [FXGL Background Thread 3 ] DEBUG Engine               - globalMusicVolume: 0.5
22:33:22.502 [FXGL Background Thread 3 ] DEBUG Engine               - globalMusicVolumeProperty: DoubleProperty [value: 0.5]
22:33:22.502 [FXGL Background Thread 3 ] DEBUG Engine               - globalSoundVolume: 0.5
22:33:22.502 [FXGL Background Thread 3 ] DEBUG Engine               - globalSoundVolumeProperty: DoubleProperty [value: 0.5]
22:33:22.503 [FXGL Background Thread 3 ] DEBUG Engine               - height: 720
22:33:22.503 [FXGL Background Thread 3 ] DEBUG Engine               - is3D: true
22:33:22.503 [FXGL Background Thread 3 ] DEBUG Engine               - isAndroid: false
22:33:22.503 [FXGL Background Thread 3 ] DEBUG Engine               - isBrowser: false
22:33:22.503 [FXGL Background Thread 3 ] DEBUG Engine               - isClickFeedbackEnabled: false
22:33:22.503 [FXGL Background Thread 3 ] DEBUG Engine               - isCloseConfirmation: false
22:33:22.503 [FXGL Background Thread 3 ] DEBUG Engine               - isDesktop: true
22:33:22.503 [FXGL Background Thread 3 ] DEBUG Engine               - isDeveloperMenuEnabled: false
22:33:22.503 [FXGL Background Thread 3 ] DEBUG Engine               - isEmbedded: false
22:33:22.503 [FXGL Background Thread 3 ] DEBUG Engine               - isEntityPreloadEnabled: true
22:33:22.503 [FXGL Background Thread 3 ] DEBUG Engine               - isExperimentalTiledLargeMap: false
22:33:22.504 [FXGL Background Thread 3 ] DEBUG Engine               - isFileSystemWriteAllowed: true
22:33:22.504 [FXGL Background Thread 3 ] DEBUG Engine               - isFullScreenAllowed: false
22:33:22.504 [FXGL Background Thread 3 ] DEBUG Engine               - isFullScreenFromStart: false
22:33:22.504 [FXGL Background Thread 3 ] DEBUG Engine               - isGameMenuEnabled: true
22:33:22.504 [FXGL Background Thread 3 ] DEBUG Engine               - isIOS: false
22:33:22.504 [FXGL Background Thread 3 ] DEBUG Engine               - isIntroEnabled: false
22:33:22.504 [FXGL Background Thread 3 ] DEBUG Engine               - isLinux: false
22:33:22.504 [FXGL Background Thread 3 ] DEBUG Engine               - isMac: false
22:33:22.504 [FXGL Background Thread 3 ] DEBUG Engine               - isMainMenuEnabled: false
22:33:22.504 [FXGL Background Thread 3 ] DEBUG Engine               - isManualResizeEnabled: false
22:33:22.504 [FXGL Background Thread 3 ] DEBUG Engine               - isMobile: false
22:33:22.504 [FXGL Background Thread 3 ] DEBUG Engine               - isNative: false
22:33:22.505 [FXGL Background Thread 3 ] DEBUG Engine               - isPauseMusicWhenMinimized: true
22:33:22.505 [FXGL Background Thread 3 ] DEBUG Engine               - isPreserveResizeRatio: false
22:33:22.505 [FXGL Background Thread 3 ] DEBUG Engine               - isProfilingEnabled: false
22:33:22.505 [FXGL Background Thread 3 ] DEBUG Engine               - isScaleAffectedOnResize: true
22:33:22.505 [FXGL Background Thread 3 ] DEBUG Engine               - isSingleStep: false
22:33:22.505 [FXGL Background Thread 3 ] DEBUG Engine               - isUserProfileEnabled: false
22:33:22.505 [FXGL Background Thread 3 ] DEBUG Engine               - isWindows: true
22:33:22.505 [FXGL Background Thread 3 ] DEBUG Engine               - language: ObjectProperty [value: ENGLISH]
22:33:22.505 [FXGL Background Thread 3 ] DEBUG Engine               - menuKey: ESCAPE
22:33:22.505 [FXGL Background Thread 3 ] DEBUG Engine               - mouseSensitivity: 0.2
22:33:22.505 [FXGL Background Thread 3 ] DEBUG Engine               - notificationViewClass: class com.almasb.fxgl.notification.view.XboxNotificationView
22:33:22.505 [FXGL Background Thread 3 ] DEBUG Engine               - pixelsPerMeter: 50.0
22:33:22.505 [FXGL Background Thread 3 ] DEBUG Engine               - platform: WINDOWS
22:33:22.505 [FXGL Background Thread 3 ] DEBUG Engine               - prefHeightProperty: ReadOnlyDoubleProperty [value: 720.0]
22:33:22.505 [FXGL Background Thread 3 ] DEBUG Engine               - prefWidthProperty: ReadOnlyDoubleProperty [value: 1280.0]
22:33:22.506 [FXGL Background Thread 3 ] DEBUG Engine               - profileDir: profiles/
22:33:22.506 [FXGL Background Thread 3 ] DEBUG Engine               - profileName: StringProperty [value: DEFAULT]
22:33:22.506 [FXGL Background Thread 3 ] DEBUG Engine               - randomSeed: -1
22:33:22.506 [FXGL Background Thread 3 ] DEBUG Engine               - runtimeInfo: RuntimeInfo(platform=WINDOWS, version=21.1, build=27.03.2024 07.52)
22:33:22.506 [FXGL Background Thread 3 ] DEBUG Engine               - saveFileExt: sav
22:33:22.506 [FXGL Background Thread 3 ] DEBUG Engine               - scaledHeightProp$fxgl: DoubleProperty [bound, value: 720.0]
22:33:22.506 [FXGL Background Thread 3 ] DEBUG Engine               - scaledWidthProp$fxgl: DoubleProperty [bound, value: 1280.0]
22:33:22.506 [FXGL Background Thread 3 ] DEBUG Engine               - sceneFactory: com.almasb.fxgl.app.scene.SceneFactory@69c0b0fd
22:33:22.506 [FXGL Background Thread 3 ] DEBUG Engine               - secondsIn24h: 60
22:33:22.506 [FXGL Background Thread 3 ] DEBUG Engine               - soundMenuBack: menu/back.wav
22:33:22.506 [FXGL Background Thread 3 ] DEBUG Engine               - soundMenuPress: menu/press.wav
22:33:22.506 [FXGL Background Thread 3 ] DEBUG Engine               - soundMenuSelect: menu/select.wav
22:33:22.507 [FXGL Background Thread 3 ] DEBUG Engine               - soundNotification: core/notification.wav
22:33:22.507 [FXGL Background Thread 3 ] DEBUG Engine               - stageStyle: DECORATED
22:33:22.507 [FXGL Background Thread 3 ] DEBUG Engine               - supportedLanguages: [ENGLISH, FRENCH, GERMAN, HUNGARIAN, RUSSIAN]
22:33:22.507 [FXGL Background Thread 3 ] DEBUG Engine               - ticksPerSecond: -1
22:33:22.507 [FXGL Background Thread 3 ] DEBUG Engine               - title: Untitled
22:33:22.507 [FXGL Background Thread 3 ] DEBUG Engine               - urlGithub: https://github.com/AlmasB/FXGL
22:33:22.507 [FXGL Background Thread 3 ] DEBUG Engine               - urlLeaderboard: http://fxgl-top.herokuapp.com/
22:33:22.507 [FXGL Background Thread 3 ] DEBUG Engine               - urlPOM: https://raw.githubusercontent.com/AlmasB/FXGL/release/README.md
22:33:22.507 [FXGL Background Thread 3 ] DEBUG Engine               - userAppClass: class com.decssoft.dukeinteractive
22:33:22.507 [FXGL Background Thread 3 ] DEBUG Engine               - version: 0.0
22:33:22.507 [FXGL Background Thread 3 ] DEBUG Engine               - versionCheckDays: 7
22:33:22.507 [FXGL Background Thread 3 ] DEBUG Engine               - width: 1280
22:33:22.507 [FXGL Background Thread 3 ] DEBUG Engine               - Logging services
22:33:22.507 [FXGL Background Thread 3 ] DEBUG Engine               - class com.almasb.fxgl.app.services.FXGLAssetLoaderService
22:33:22.507 [FXGL Background Thread 3 ] DEBUG Engine               - class com.almasb.fxgl.app.FXGLApplication$GameApplicationService
22:33:22.507 [FXGL Background Thread 3 ] DEBUG Engine               - class com.almasb.fxgl.app.services.FXGLDialogService
22:33:22.508 [FXGL Background Thread 3 ] DEBUG Engine               - class com.almasb.fxgl.app.services.IOTaskExecutorService
22:33:22.508 [FXGL Background Thread 3 ] DEBUG Engine               - class com.almasb.fxgl.io.FileSystemService
22:33:22.508 [FXGL Background Thread 3 ] DEBUG Engine               - class com.almasb.fxgl.localization.LocalizationService
22:33:22.508 [FXGL Background Thread 3 ] DEBUG Engine               - class com.almasb.fxgl.app.services.SystemBundleService
22:33:22.508 [FXGL Background Thread 3 ] DEBUG Engine               - class com.almasb.fxgl.profile.SaveLoadService
22:33:22.508 [FXGL Background Thread 3 ] DEBUG Engine               - class com.almasb.fxgl.ui.FXGLUIFactoryServiceProvider
22:33:22.508 [FXGL Background Thread 3 ] DEBUG Engine               - class com.almasb.fxgl.ui.FXGLDialogFactoryServiceProvider
22:33:22.508 [FXGL Background Thread 3 ] DEBUG Engine               - class com.almasb.fxgl.audio.AudioPlayer
22:33:22.508 [FXGL Background Thread 3 ] DEBUG Engine               - class com.almasb.fxgl.notification.impl.NotificationServiceProvider
22:33:22.508 [FXGL Background Thread 3 ] DEBUG Engine               - class com.almasb.fxgl.achievement.AchievementService
22:33:22.508 [FXGL Background Thread 3 ] DEBUG Engine               - class com.almasb.fxgl.cutscene.CutsceneService
22:33:22.508 [FXGL Background Thread 3 ] DEBUG Engine               - class com.almasb.fxgl.minigames.MiniGameService
22:33:22.508 [FXGL Background Thread 3 ] DEBUG Engine               - class com.almasb.fxgl.net.NetService
22:33:22.508 [FXGL Background Thread 3 ] DEBUG Engine               - class com.almasb.fxgl.app.services.UpdaterService
22:33:22.508 [FXGL Background Thread 3 ] DEBUG Engine               - class com.almasb.fxgl.dev.DevService
22:33:24.160 [JavaFX Application Thread] DEBUG FXGLAssetLoaderServi - Loading from file system: file:/D:/NetBeansProjects/Duke%20Interactive/target/classes/assets/models/dukewave1.obj
22:33:24.262 [JavaFX Application Thread] DEBUG FXGLAssetLoaderServi - Loading from file system: file:/D:/NetBeansProjects/Duke%20Interactive/target/classes/assets/models/dukewave2.obj
22:34:05.082 [JavaFX Application Thread] DEBUG PrimaryStageWindow   - Push state: FXGLDefaultMenu
22:34:05.089 [JavaFX Application Thread] DEBUG Input                - Clearing active input actions
22:34:05.095 [JavaFX Application Thread] DEBUG GameApplicationServi - Removing overlay from GameScene and adding to FXGLDefaultMenu
22:34:05.096 [JavaFX Application Thread] DEBUG PrimaryStageWindow   - GameScene -> FXGLDefaultMenu
22:34:06.690 [JavaFX Application Thread] DEBUG Menu                 - fireExit()
22:34:06.695 [JavaFX Application Thread] DEBUG PrimaryStageWindow   - Push state: DialogSubScene
22:34:06.695 [JavaFX Application Thread] DEBUG Input                - Clearing active input actions
22:34:06.696 [JavaFX Application Thread] DEBUG GameApplicationServi - Removing overlay from FXGLDefaultMenu and adding to DialogSubScene
22:34:06.696 [JavaFX Application Thread] DEBUG PrimaryStageWindow   - FXGLDefaultMenu -> DialogSubScene
22:34:07.861 [JavaFX Application Thread] DEBUG PrimaryStageWindow   - Pop state: DialogSubScene
22:34:07.861 [JavaFX Application Thread] DEBUG Input                - Clearing active input actions
22:34:07.862 [JavaFX Application Thread] DEBUG GameApplicationServi - Removing overlay from DialogSubScene and adding to FXGLDefaultMenu
22:34:07.863 [JavaFX Application Thread] DEBUG PrimaryStageWindow   - FXGLDefaultMenu <- DialogSubScene
22:34:07.863 [JavaFX Application Thread] DEBUG FXGLApplication      - Exiting FXGL
22:34:07.863 [JavaFX Application Thread] DEBUG LoopRunner           - Stopping loop
22:34:07.863 [JavaFX Application Thread] DEBUG SystemBundleService  - Saving FXGL system data
22:34:07.866 [JavaFX Application Thread] DEBUG FileSystemAccess     - Writing to: D:\NetBeansProjects\Duke Interactive\system\fxgl.bundle
22:34:07.869 [JavaFX Application Thread] DEBUG Async                - Shutting down background threads
22:34:07.869 [JavaFX Application Thread] DEBUG PrimaryStageWindow   - Closing main window
22:34:07.898 [JavaFX Application Thread] DEBUG Logger               - Closing Logger
